This is pdfTeX, Version 3.141592653-2.6-1.40.26 (MiKTeX 24.4) (preloaded format=pdflatex 2024.11.4)  18 NOV 2024 00:32
entering extended mode
 restricted \write18 enabled.
 file:line:error style messages enabled.
 %&-line parsing enabled.
**"c:/Users/pablo/OneDrive/Escritorio/Archivo/Safe place/Universidad/ICAI/3º/Visión/Computer-Vision-Projects/lab_3/Informe Ruíz Lydia Tuñón Pablo.pdf.tex"
(c:/Users/pablo/OneDrive/Escritorio/Archivo/Safe place/Universidad/ICAI/3º/Visión/Computer-Vision-Projects/lab_3/Informe Ruíz Lydia Tuñón Pablo.pdf.tex
LaTeX2e <2024-11-01>
L3 programming layer <2024-10-09>
(C:\Users\pablo\AppData\Local\Programs\MiKTeX\tex/latex/base\article.cls
Document Class: article 2024/06/29 v1.4n Standard LaTeX document class
(C:\Users\pablo\AppData\Local\Programs\MiKTeX\tex/latex/base\size12.clo
File: size12.clo 2024/06/29 v1.4n Standard LaTeX file (size option)
)
\c@part=\count196
\c@section=\count197
\c@subsection=\count198
\c@subsubsection=\count199
\c@paragraph=\count266
\c@subparagraph=\count267
\c@figure=\count268
\c@table=\count269
\abovecaptionskip=\skip49
\belowcaptionskip=\skip50
\bibindent=\dimen141
) (C:\Users\pablo\AppData\Local\Programs\MiKTeX\tex/latex/jknappen\mathrsfs.sty
Package: mathrsfs 1996/01/01 Math RSFS package v1.0 (jk)
\symrsfs=\mathgroup4
) (C:\Users\pablo\AppData\Local\Programs\MiKTeX\tex/latex/base\inputenc.sty
Package: inputenc 2024/02/08 v1.3d Input encoding file
\inpenc@prehook=\toks17
\inpenc@posthook=\toks18
) (C:\Users\pablo\AppData\Local\Programs\MiKTeX\tex/generic/babel\babel.sty
Package: babel 2024/10/20 v24.12 The multilingual framework for pdfLaTeX, LuaLaTeX and XeLaTeX
\babel@savecnt=\count270
\U@D=\dimen142
\l@unhyphenated=\language79
 (C:\Users\pablo\AppData\Local\Programs\MiKTeX\tex/generic/babel\txtbabel.def)
\bbl@readstream=\read2
\bbl@dirlevel=\count271

*************************************
* Local config file bblopts.cfg used
*
(C:\Users\pablo\AppData\Local\Programs\MiKTeX\tex/latex/arabi\bblopts.cfg
File: bblopts.cfg 2005/09/08 v0.1 add Arabic and Farsi to "declared" options of babel
) (C:\Users\pablo\AppData\Local\Programs\MiKTeX\tex/latex/babel-spanish\spanish.ldf
Language: spanish.ldf 2021/05/27 v5.0q Spanish support from the babel system
\es@quottoks=\toks19
\es@quotdepth=\count272
Package babel Info: Making " an active character on input line 570.
Package babel Info: Making . an active character on input line 675.
Package babel Info: Making < an active character on input line 722.
Package babel Info: Making > an active character on input line 722.
)) (C:\Users\pablo\AppData\Local\Programs\MiKTeX\tex/generic/babel/locale/es\babel-spanish.tex
Package babel Info: Importing font and identification data for spanish
(babel)             from babel-es.ini. Reported on input line 11.
) (C:\Users\pablo\AppData\Local\Programs\MiKTeX\tex/latex/amsmath\amsmath.sty
Package: amsmath 2024/10/30 v2.17s AMS math features
\@mathmargin=\skip51

For additional information on amsmath, use the `?' option.
(C:\Users\pablo\AppData\Local\Programs\MiKTeX\tex/latex/amsmath\amstext.sty
Package: amstext 2021/08/26 v2.01 AMS text
 (C:\Users\pablo\AppData\Local\Programs\MiKTeX\tex/latex/amsmath\amsgen.sty
File: amsgen.sty 1999/11/30 v2.0 generic functions
\@emptytoks=\toks20
\ex@=\dimen143
)) (C:\Users\pablo\AppData\Local\Programs\MiKTeX\tex/latex/amsmath\amsbsy.sty
Package: amsbsy 1999/11/29 v1.2d Bold Symbols
\pmbraise@=\dimen144
) (C:\Users\pablo\AppData\Local\Programs\MiKTeX\tex/latex/amsmath\amsopn.sty
Package: amsopn 2022/04/08 v2.04 operator names
)
\inf@bad=\count273
LaTeX Info: Redefining \frac on input line 233.
\uproot@=\count274
\leftroot@=\count275
LaTeX Info: Redefining \overline on input line 398.
LaTeX Info: Redefining \colon on input line 409.
\classnum@=\count276
\DOTSCASE@=\count277
LaTeX Info: Redefining \ldots on input line 502.
LaTeX Info: Redefining \dots on input line 505.
LaTeX Info: Redefining \cdots on input line 638.
\Mathstrutbox@=\box52
\strutbox@=\box53
LaTeX Info: Redefining \big on input line 740.
LaTeX Info: Redefining \Big on input line 741.
LaTeX Info: Redefining \bigg on input line 742.
LaTeX Info: Redefining \Bigg on input line 743.
\big@size=\dimen145
LaTeX Font Info:    Redeclaring font encoding OML on input line 761.
LaTeX Font Info:    Redeclaring font encoding OMS on input line 762.
\macc@depth=\count278
LaTeX Info: Redefining \bmod on input line 923.
LaTeX Info: Redefining \pmod on input line 928.
LaTeX Info: Redefining \smash on input line 958.
LaTeX Info: Redefining \relbar on input line 988.
LaTeX Info: Redefining \Relbar on input line 989.
\c@MaxMatrixCols=\count279
\dotsspace@=\muskip17
\c@parentequation=\count280
\dspbrk@lvl=\count281
\tag@help=\toks21
\row@=\count282
\column@=\count283
\maxfields@=\count284
\andhelp@=\toks22
\eqnshift@=\dimen146
\alignsep@=\dimen147
\tagshift@=\dimen148
\tagwidth@=\dimen149
\totwidth@=\dimen150
\lineht@=\dimen151
\@envbody=\toks23
\multlinegap=\skip52
\multlinetaggap=\skip53
\mathdisplay@stack=\toks24
LaTeX Info: Redefining \[ on input line 2972.
LaTeX Info: Redefining \] on input line 2973.
) (C:\Users\pablo\AppData\Local\Programs\MiKTeX\tex/latex/amsfonts\amsfonts.sty
Package: amsfonts 2013/01/14 v3.01 Basic AMSFonts support
\symAMSa=\mathgroup5
\symAMSb=\mathgroup6
LaTeX Font Info:    Redeclaring math symbol \hbar on input line 98.
LaTeX Font Info:    Overwriting math alphabet `\mathfrak' in version `bold'
(Font)                  U/euf/m/n --> U/euf/b/n on input line 106.
) (C:\Users\pablo\AppData\Local\Programs\MiKTeX\tex/latex/amsfonts\amssymb.sty
Package: amssymb 2013/01/14 v3.01 AMS font symbols
) (C:\Users\pablo\AppData\Local\Programs\MiKTeX\tex/latex/graphics\graphicx.sty
Package: graphicx 2021/09/16 v1.2d Enhanced LaTeX Graphics (DPC,SPQR)
 (C:\Users\pablo\AppData\Local\Programs\MiKTeX\tex/latex/graphics\keyval.sty
Package: keyval 2022/05/29 v1.15 key=value parser (DPC)
\KV@toks@=\toks25
) (C:\Users\pablo\AppData\Local\Programs\MiKTeX\tex/latex/graphics\graphics.sty
Package: graphics 2024/08/06 v1.4g Standard LaTeX Graphics (DPC,SPQR)
 (C:\Users\pablo\AppData\Local\Programs\MiKTeX\tex/latex/graphics\trig.sty
Package: trig 2023/12/02 v1.11 sin cos tan (DPC)
) (C:\Users\pablo\AppData\Local\Programs\MiKTeX\tex/latex/graphics-cfg\graphics.cfg
File: graphics.cfg 2016/06/04 v1.11 sample graphics configuration
)
Package graphics Info: Driver file: pdftex.def on input line 106.
 (C:\Users\pablo\AppData\Local\Programs\MiKTeX\tex/latex/graphics-def\pdftex.def
File: pdftex.def 2024/04/13 v1.2c Graphics/color driver for pdftex
))
\Gin@req@height=\dimen152
\Gin@req@width=\dimen153
) (C:\Users\pablo\AppData\Local\Programs\MiKTeX\tex/latex/hyperref\hyperref.sty
Package: hyperref 2024-10-30 v7.01k Hypertext links for LaTeX
 (C:\Users\pablo\AppData\Local\Programs\MiKTeX\tex/generic/iftex\iftex.sty
Package: iftex 2022/02/03 v1.0f TeX engine tests
) (C:\Users\pablo\AppData\Local\Programs\MiKTeX\tex/latex/kvsetkeys\kvsetkeys.sty
Package: kvsetkeys 2022-10-05 v1.19 Key value parser (HO)
) (C:\Users\pablo\AppData\Local\Programs\MiKTeX\tex/generic/kvdefinekeys\kvdefinekeys.sty
Package: kvdefinekeys 2019-12-19 v1.6 Define keys (HO)
) (C:\Users\pablo\AppData\Local\Programs\MiKTeX\tex/generic/pdfescape\pdfescape.sty
Package: pdfescape 2019/12/09 v1.15 Implements pdfTeX's escape features (HO)
 (C:\Users\pablo\AppData\Local\Programs\MiKTeX\tex/generic/ltxcmds\ltxcmds.sty
Package: ltxcmds 2023-12-04 v1.26 LaTeX kernel commands for general use (HO)
) (C:\Users\pablo\AppData\Local\Programs\MiKTeX\tex/generic/pdftexcmds\pdftexcmds.sty
Package: pdftexcmds 2020-06-27 v0.33 Utility functions of pdfTeX for LuaTeX (HO)
 (C:\Users\pablo\AppData\Local\Programs\MiKTeX\tex/generic/infwarerr\infwarerr.sty
Package: infwarerr 2019/12/03 v1.5 Providing info/warning/error messages (HO)
)
Package pdftexcmds Info: \pdf@primitive is available.
Package pdftexcmds Info: \pdf@ifprimitive is available.
Package pdftexcmds Info: \pdfdraftmode found.
)) (C:\Users\pablo\AppData\Local\Programs\MiKTeX\tex/latex/hycolor\hycolor.sty
Package: hycolor 2020-01-27 v1.10 Color options for hyperref/bookmark (HO)
) (C:\Users\pablo\AppData\Local\Programs\MiKTeX\tex/latex/hyperref\nameref.sty
Package: nameref 2023-11-26 v2.56 Cross-referencing by name of section
 (C:\Users\pablo\AppData\Local\Programs\MiKTeX\tex/latex/refcount\refcount.sty
Package: refcount 2019/12/15 v3.6 Data extraction from label references (HO)
) (C:\Users\pablo\AppData\Local\Programs\MiKTeX\tex/generic/gettitlestring\gettitlestring.sty
Package: gettitlestring 2019/12/15 v1.6 Cleanup title references (HO)
 (C:\Users\pablo\AppData\Local\Programs\MiKTeX\tex/latex/kvoptions\kvoptions.sty
Package: kvoptions 2022-06-15 v3.15 Key value format for package options (HO)
))
\c@section@level=\count285
) (C:\Users\pablo\AppData\Local\Programs\MiKTeX\tex/latex/etoolbox\etoolbox.sty
Package: etoolbox 2020/10/05 v2.5k e-TeX tools for LaTeX (JAW)
\etb@tempcnta=\count286
) (C:\Users\pablo\AppData\Local\Programs\MiKTeX\tex/generic/stringenc\stringenc.sty
Package: stringenc 2019/11/29 v1.12 Convert strings between diff. encodings (HO)
)
\@linkdim=\dimen154
\Hy@linkcounter=\count287
\Hy@pagecounter=\count288
 (C:\Users\pablo\AppData\Local\Programs\MiKTeX\tex/latex/hyperref\pd1enc.def
File: pd1enc.def 2024-10-30 v7.01k Hyperref: PDFDocEncoding definition (HO)
Now handling font encoding PD1 ...
... no UTF-8 mapping file for font encoding PD1
) (C:\Users\pablo\AppData\Local\Programs\MiKTeX\tex/generic/intcalc\intcalc.sty
Package: intcalc 2019/12/15 v1.3 Expandable calculations with integers (HO)
)
\Hy@SavedSpaceFactor=\count289
 (C:\Users\pablo\AppData\Local\Programs\MiKTeX\tex/latex/hyperref\puenc.def
File: puenc.def 2024-10-30 v7.01k Hyperref: PDF Unicode definition (HO)
Now handling font encoding PU ...
... no UTF-8 mapping file for font encoding PU
)
Package hyperref Info: Hyper figures OFF on input line 4157.
Package hyperref Info: Link nesting OFF on input line 4162.
Package hyperref Info: Hyper index ON on input line 4165.
Package hyperref Info: Plain pages OFF on input line 4172.
Package hyperref Info: Backreferencing OFF on input line 4177.
Package hyperref Info: Implicit mode ON; LaTeX internals redefined.
Package hyperref Info: Bookmarks ON on input line 4424.
\c@Hy@tempcnt=\count290
 (C:\Users\pablo\AppData\Local\Programs\MiKTeX\tex/latex/url\url.sty
\Urlmuskip=\muskip18
Package: url 2013/09/16  ver 3.4  Verb mode for urls, etc.
)
LaTeX Info: Redefining \url on input line 4763.
\XeTeXLinkMargin=\dimen155
 (C:\Users\pablo\AppData\Local\Programs\MiKTeX\tex/generic/bitset\bitset.sty
Package: bitset 2019/12/09 v1.3 Handle bit-vector datatype (HO)
 (C:\Users\pablo\AppData\Local\Programs\MiKTeX\tex/generic/bigintcalc\bigintcalc.sty
Package: bigintcalc 2019/12/15 v1.5 Expandable calculations on big integers (HO)
))
\Fld@menulength=\count291
\Field@Width=\dimen156
\Fld@charsize=\dimen157
Package hyperref Info: Hyper figures OFF on input line 6042.
Package hyperref Info: Link nesting OFF on input line 6047.
Package hyperref Info: Hyper index ON on input line 6050.
Package hyperref Info: backreferencing OFF on input line 6057.
Package hyperref Info: Link coloring OFF on input line 6062.
Package hyperref Info: Link coloring with OCG OFF on input line 6067.
Package hyperref Info: PDF/A mode OFF on input line 6072.
 (C:\Users\pablo\AppData\Local\Programs\MiKTeX\tex/latex/base\atbegshi-ltx.sty
Package: atbegshi-ltx 2021/01/10 v1.0c Emulation of the original atbegshi
package with kernel methods
)
\Hy@abspage=\count292
\c@Item=\count293
\c@Hfootnote=\count294
)
Package hyperref Info: Driver (autodetected): hpdftex.
 (C:\Users\pablo\AppData\Local\Programs\MiKTeX\tex/latex/hyperref\hpdftex.def
File: hpdftex.def 2024-10-30 v7.01k Hyperref driver for pdfTeX
 (C:\Users\pablo\AppData\Local\Programs\MiKTeX\tex/latex/base\atveryend-ltx.sty
Package: atveryend-ltx 2020/08/19 v1.0a Emulation of the original atveryend package
with kernel methods
)
\Fld@listcount=\count295
\c@bookmark@seq@number=\count296
 (C:\Users\pablo\AppData\Local\Programs\MiKTeX\tex/latex/rerunfilecheck\rerunfilecheck.sty
Package: rerunfilecheck 2022-07-10 v1.10 Rerun checks for auxiliary files (HO)
 (C:\Users\pablo\AppData\Local\Programs\MiKTeX\tex/generic/uniquecounter\uniquecounter.sty
Package: uniquecounter 2019/12/15 v1.4 Provide unlimited unique counter (HO)
)
Package uniquecounter Info: New unique counter `rerunfilecheck' on input line 285.
)
\Hy@SectionHShift=\skip54
) (C:\Users\pablo\AppData\Local\Programs\MiKTeX\tex/latex/wrapfig\wrapfig.sty
\wrapoverhang=\dimen158
\WF@size=\dimen159
\c@WF@wrappedlines=\count297
\WF@box=\box54
\WF@everypar=\toks26
Package: wrapfig 2003/01/31  v 3.6
) (C:\Users\pablo\AppData\Local\Programs\MiKTeX\tex/latex/enumitem\enumitem.sty
Package: enumitem 2019/06/20 v3.9 Customized lists
\labelindent=\skip55
\enit@outerparindent=\dimen160
\enit@toks=\toks27
\enit@inbox=\box55
\enit@count@id=\count298
\enitdp@description=\count299
) (C:\Users\pablo\AppData\Local\Programs\MiKTeX\tex/latex/fancyhdr\fancyhdr.sty
Package: fancyhdr 2024/07/23 v4.3.1 Extensive control of page headers and footers
\f@nch@headwidth=\skip56
\f@nch@O@elh=\skip57
\f@nch@O@erh=\skip58
\f@nch@O@olh=\skip59
\f@nch@O@orh=\skip60
\f@nch@O@elf=\skip61
\f@nch@O@erf=\skip62
\f@nch@O@olf=\skip63
\f@nch@O@orf=\skip64
) (C:\Users\pablo\AppData\Local\Programs\MiKTeX\tex/latex/float\float.sty
Package: float 2001/11/08 v1.3d Float enhancements (AL)
\c@float@type=\count300
\float@exts=\toks28
\float@box=\box56
\@float@everytoks=\toks29
\@floatcapt=\box57
) (C:\Users\pablo\AppData\Local\Programs\MiKTeX\tex/latex/eurosym\eurosym.sty
Package: eurosym 1998/08/06 v1.1 European currency symbol ``Euro''
\@eurobox=\box58
) (C:\Users\pablo\AppData\Local\Programs\MiKTeX\tex/latex/graphics\color.sty
Package: color 2024/06/23 v1.3e Standard LaTeX Color (DPC)
 (C:\Users\pablo\AppData\Local\Programs\MiKTeX\tex/latex/graphics-cfg\color.cfg
File: color.cfg 2016/01/02 v1.6 sample color configuration
)
Package color Info: Driver file: pdftex.def on input line 149.
 (C:\Users\pablo\AppData\Local\Programs\MiKTeX\tex/latex/graphics\mathcolor.ltx)) (C:\Users\pablo\AppData\Local\Programs\MiKTeX\tex/latex/circuitikz\circuitikz.sty
Package: circuitikz 2024/08/03{} The CircuiTikz circuit drawing package version 1.7.0
 (C:\Users\pablo\AppData\Local\Programs\MiKTeX\tex/latex/pgf/frontendlayer\tikz.sty (C:\Users\pablo\AppData\Local\Programs\MiKTeX\tex/latex/pgf/basiclayer\pgf.sty (C:\Users\pablo\AppData\Local\Programs\MiKTeX\tex/latex/pgf/utilities\pgfrcs.sty (C:\Users\pablo\AppData\Local\Programs\MiKTeX\tex/generic/pgf/utilities\pgfutil-common.tex
\pgfutil@everybye=\toks30
\pgfutil@tempdima=\dimen161
\pgfutil@tempdimb=\dimen162
) (C:\Users\pablo\AppData\Local\Programs\MiKTeX\tex/generic/pgf/utilities\pgfutil-latex.def
\pgfutil@abb=\box59
) (C:\Users\pablo\AppData\Local\Programs\MiKTeX\tex/generic/pgf/utilities\pgfrcs.code.tex (C:\Users\pablo\AppData\Local\Programs\MiKTeX\tex/generic/pgf\pgf.revision.tex)
Package: pgfrcs 2023-01-15 v3.1.10 (3.1.10)
))
Package: pgf 2023-01-15 v3.1.10 (3.1.10)
 (C:\Users\pablo\AppData\Local\Programs\MiKTeX\tex/latex/pgf/basiclayer\pgfcore.sty (C:\Users\pablo\AppData\Local\Programs\MiKTeX\tex/latex/pgf/systemlayer\pgfsys.sty (C:\Users\pablo\AppData\Local\Programs\MiKTeX\tex/generic/pgf/systemlayer\pgfsys.code.tex
Package: pgfsys 2023-01-15 v3.1.10 (3.1.10)
 (C:\Users\pablo\AppData\Local\Programs\MiKTeX\tex/generic/pgf/utilities\pgfkeys.code.tex
\pgfkeys@pathtoks=\toks31
\pgfkeys@temptoks=\toks32
 (C:\Users\pablo\AppData\Local\Programs\MiKTeX\tex/generic/pgf/utilities\pgfkeyslibraryfiltered.code.tex
\pgfkeys@tmptoks=\toks33
))
\pgf@x=\dimen163
\pgf@y=\dimen164
\pgf@xa=\dimen165
\pgf@ya=\dimen166
\pgf@xb=\dimen167
\pgf@yb=\dimen168
\pgf@xc=\dimen169
\pgf@yc=\dimen170
\pgf@xd=\dimen171
\pgf@yd=\dimen172
\w@pgf@writea=\write3
\r@pgf@reada=\read3
\c@pgf@counta=\count301
\c@pgf@countb=\count302
\c@pgf@countc=\count303
\c@pgf@countd=\count304
\t@pgf@toka=\toks34
\t@pgf@tokb=\toks35
\t@pgf@tokc=\toks36
\pgf@sys@id@count=\count305
 (C:\Users\pablo\AppData\Local\Programs\MiKTeX\tex/generic/pgf/systemlayer\pgf.cfg
File: pgf.cfg 2023-01-15 v3.1.10 (3.1.10)
)
Driver file for pgf: pgfsys-pdftex.def
 (C:\Users\pablo\AppData\Local\Programs\MiKTeX\tex/generic/pgf/systemlayer\pgfsys-pdftex.def
File: pgfsys-pdftex.def 2023-01-15 v3.1.10 (3.1.10)
 (C:\Users\pablo\AppData\Local\Programs\MiKTeX\tex/generic/pgf/systemlayer\pgfsys-common-pdf.def
File: pgfsys-common-pdf.def 2023-01-15 v3.1.10 (3.1.10)
))) (C:\Users\pablo\AppData\Local\Programs\MiKTeX\tex/generic/pgf/systemlayer\pgfsyssoftpath.code.tex
File: pgfsyssoftpath.code.tex 2023-01-15 v3.1.10 (3.1.10)
\pgfsyssoftpath@smallbuffer@items=\count306
\pgfsyssoftpath@bigbuffer@items=\count307
) (C:\Users\pablo\AppData\Local\Programs\MiKTeX\tex/generic/pgf/systemlayer\pgfsysprotocol.code.tex
File: pgfsysprotocol.code.tex 2023-01-15 v3.1.10 (3.1.10)
)) (C:\Users\pablo\AppData\Local\Programs\MiKTeX\tex/latex/xcolor\xcolor.sty
Package: xcolor 2023/11/15 v3.01 LaTeX color extensions (UK)
 (C:\Users\pablo\AppData\Local\Programs\MiKTeX\tex/latex/graphics-cfg\color.cfg
File: color.cfg 2016/01/02 v1.6 sample color configuration
)
Package xcolor Info: Driver file: pdftex.def on input line 274.
LaTeX Info: Redefining \color on input line 758.
 (C:\Users\pablo\AppData\Local\Programs\MiKTeX\tex/latex/graphics\mathcolor.ltx)
Package xcolor Info: Model `cmy' substituted by `cmy0' on input line 1350.
Package xcolor Info: Model `hsb' substituted by `rgb' on input line 1354.
Package xcolor Info: Model `RGB' extended on input line 1366.
Package xcolor Info: Model `HTML' substituted by `rgb' on input line 1368.
Package xcolor Info: Model `Hsb' substituted by `hsb' on input line 1369.
Package xcolor Info: Model `tHsb' substituted by `hsb' on input line 1370.
Package xcolor Info: Model `HSB' substituted by `hsb' on input line 1371.
Package xcolor Info: Model `Gray' substituted by `gray' on input line 1372.
Package xcolor Info: Model `wave' substituted by `hsb' on input line 1373.
) (C:\Users\pablo\AppData\Local\Programs\MiKTeX\tex/generic/pgf/basiclayer\pgfcore.code.tex
Package: pgfcore 2023-01-15 v3.1.10 (3.1.10)
 (C:\Users\pablo\AppData\Local\Programs\MiKTeX\tex/generic/pgf/math\pgfmath.code.tex (C:\Users\pablo\AppData\Local\Programs\MiKTeX\tex/generic/pgf/math\pgfmathutil.code.tex) (C:\Users\pablo\AppData\Local\Programs\MiKTeX\tex/generic/pgf/math\pgfmathparser.code.tex
\pgfmath@dimen=\dimen173
\pgfmath@count=\count308
\pgfmath@box=\box60
\pgfmath@toks=\toks37
\pgfmath@stack@operand=\toks38
\pgfmath@stack@operation=\toks39
) (C:\Users\pablo\AppData\Local\Programs\MiKTeX\tex/generic/pgf/math\pgfmathfunctions.code.tex) (C:\Users\pablo\AppData\Local\Programs\MiKTeX\tex/generic/pgf/math\pgfmathfunctions.basic.code.tex) (C:\Users\pablo\AppData\Local\Programs\MiKTeX\tex/generic/pgf/math\pgfmathfunctions.trigonometric.code.tex) (C:\Users\pablo\AppData\Local\Programs\MiKTeX\tex/generic/pgf/math\pgfmathfunctions.random.code.tex) (C:\Users\pablo\AppData\Local\Programs\MiKTeX\tex/generic/pgf/math\pgfmathfunctions.comparison.code.tex) (C:\Users\pablo\AppData\Local\Programs\MiKTeX\tex/generic/pgf/math\pgfmathfunctions.base.code.tex) (C:\Users\pablo\AppData\Local\Programs\MiKTeX\tex/generic/pgf/math\pgfmathfunctions.round.code.tex) (C:\Users\pablo\AppData\Local\Programs\MiKTeX\tex/generic/pgf/math\pgfmathfunctions.misc.code.tex) (C:\Users\pablo\AppData\Local\Programs\MiKTeX\tex/generic/pgf/math\pgfmathfunctions.integerarithmetics.code.tex) (C:\Users\pablo\AppData\Local\Programs\MiKTeX\tex/generic/pgf/math\pgfmathcalc.code.tex) (C:\Users\pablo\AppData\Local\Programs\MiKTeX\tex/generic/pgf/math\pgfmathfloat.code.tex
\c@pgfmathroundto@lastzeros=\count309
)) (C:\Users\pablo\AppData\Local\Programs\MiKTeX\tex/generic/pgf/math\pgfint.code.tex) (C:\Users\pablo\AppData\Local\Programs\MiKTeX\tex/generic/pgf/basiclayer\pgfcorepoints.code.tex
File: pgfcorepoints.code.tex 2023-01-15 v3.1.10 (3.1.10)
\pgf@picminx=\dimen174
\pgf@picmaxx=\dimen175
\pgf@picminy=\dimen176
\pgf@picmaxy=\dimen177
\pgf@pathminx=\dimen178
\pgf@pathmaxx=\dimen179
\pgf@pathminy=\dimen180
\pgf@pathmaxy=\dimen181
\pgf@xx=\dimen182
\pgf@xy=\dimen183
\pgf@yx=\dimen184
\pgf@yy=\dimen185
\pgf@zx=\dimen186
\pgf@zy=\dimen187
) (C:\Users\pablo\AppData\Local\Programs\MiKTeX\tex/generic/pgf/basiclayer\pgfcorepathconstruct.code.tex
File: pgfcorepathconstruct.code.tex 2023-01-15 v3.1.10 (3.1.10)
\pgf@path@lastx=\dimen188
\pgf@path@lasty=\dimen189
) (C:\Users\pablo\AppData\Local\Programs\MiKTeX\tex/generic/pgf/basiclayer\pgfcorepathusage.code.tex
File: pgfcorepathusage.code.tex 2023-01-15 v3.1.10 (3.1.10)
\pgf@shorten@end@additional=\dimen190
\pgf@shorten@start@additional=\dimen191
) (C:\Users\pablo\AppData\Local\Programs\MiKTeX\tex/generic/pgf/basiclayer\pgfcorescopes.code.tex
File: pgfcorescopes.code.tex 2023-01-15 v3.1.10 (3.1.10)
\pgfpic=\box61
\pgf@hbox=\box62
\pgf@layerbox@main=\box63
\pgf@picture@serial@count=\count310
) (C:\Users\pablo\AppData\Local\Programs\MiKTeX\tex/generic/pgf/basiclayer\pgfcoregraphicstate.code.tex
File: pgfcoregraphicstate.code.tex 2023-01-15 v3.1.10 (3.1.10)
\pgflinewidth=\dimen192
) (C:\Users\pablo\AppData\Local\Programs\MiKTeX\tex/generic/pgf/basiclayer\pgfcoretransformations.code.tex
File: pgfcoretransformations.code.tex 2023-01-15 v3.1.10 (3.1.10)
\pgf@pt@x=\dimen193
\pgf@pt@y=\dimen194
\pgf@pt@temp=\dimen195
) (C:\Users\pablo\AppData\Local\Programs\MiKTeX\tex/generic/pgf/basiclayer\pgfcorequick.code.tex
File: pgfcorequick.code.tex 2023-01-15 v3.1.10 (3.1.10)
) (C:\Users\pablo\AppData\Local\Programs\MiKTeX\tex/generic/pgf/basiclayer\pgfcoreobjects.code.tex
File: pgfcoreobjects.code.tex 2023-01-15 v3.1.10 (3.1.10)
) (C:\Users\pablo\AppData\Local\Programs\MiKTeX\tex/generic/pgf/basiclayer\pgfcorepathprocessing.code.tex
File: pgfcorepathprocessing.code.tex 2023-01-15 v3.1.10 (3.1.10)
) (C:\Users\pablo\AppData\Local\Programs\MiKTeX\tex/generic/pgf/basiclayer\pgfcorearrows.code.tex
File: pgfcorearrows.code.tex 2023-01-15 v3.1.10 (3.1.10)
\pgfarrowsep=\dimen196
) (C:\Users\pablo\AppData\Local\Programs\MiKTeX\tex/generic/pgf/basiclayer\pgfcoreshade.code.tex
File: pgfcoreshade.code.tex 2023-01-15 v3.1.10 (3.1.10)
\pgf@max=\dimen197
\pgf@sys@shading@range@num=\count311
\pgf@shadingcount=\count312
) (C:\Users\pablo\AppData\Local\Programs\MiKTeX\tex/generic/pgf/basiclayer\pgfcoreimage.code.tex
File: pgfcoreimage.code.tex 2023-01-15 v3.1.10 (3.1.10)
) (C:\Users\pablo\AppData\Local\Programs\MiKTeX\tex/generic/pgf/basiclayer\pgfcoreexternal.code.tex
File: pgfcoreexternal.code.tex 2023-01-15 v3.1.10 (3.1.10)
\pgfexternal@startupbox=\box64
) (C:\Users\pablo\AppData\Local\Programs\MiKTeX\tex/generic/pgf/basiclayer\pgfcorelayers.code.tex
File: pgfcorelayers.code.tex 2023-01-15 v3.1.10 (3.1.10)
) (C:\Users\pablo\AppData\Local\Programs\MiKTeX\tex/generic/pgf/basiclayer\pgfcoretransparency.code.tex
File: pgfcoretransparency.code.tex 2023-01-15 v3.1.10 (3.1.10)
) (C:\Users\pablo\AppData\Local\Programs\MiKTeX\tex/generic/pgf/basiclayer\pgfcorepatterns.code.tex
File: pgfcorepatterns.code.tex 2023-01-15 v3.1.10 (3.1.10)
) (C:\Users\pablo\AppData\Local\Programs\MiKTeX\tex/generic/pgf/basiclayer\pgfcorerdf.code.tex
File: pgfcorerdf.code.tex 2023-01-15 v3.1.10 (3.1.10)
))) (C:\Users\pablo\AppData\Local\Programs\MiKTeX\tex/generic/pgf/modules\pgfmoduleshapes.code.tex
File: pgfmoduleshapes.code.tex 2023-01-15 v3.1.10 (3.1.10)
\pgfnodeparttextbox=\box65
) (C:\Users\pablo\AppData\Local\Programs\MiKTeX\tex/generic/pgf/modules\pgfmoduleplot.code.tex
File: pgfmoduleplot.code.tex 2023-01-15 v3.1.10 (3.1.10)
) (C:\Users\pablo\AppData\Local\Programs\MiKTeX\tex/latex/pgf/compatibility\pgfcomp-version-0-65.sty
Package: pgfcomp-version-0-65 2023-01-15 v3.1.10 (3.1.10)
\pgf@nodesepstart=\dimen198
\pgf@nodesepend=\dimen199
) (C:\Users\pablo\AppData\Local\Programs\MiKTeX\tex/latex/pgf/compatibility\pgfcomp-version-1-18.sty
Package: pgfcomp-version-1-18 2023-01-15 v3.1.10 (3.1.10)
)) (C:\Users\pablo\AppData\Local\Programs\MiKTeX\tex/latex/pgf/utilities\pgffor.sty (C:\Users\pablo\AppData\Local\Programs\MiKTeX\tex/latex/pgf/utilities\pgfkeys.sty (C:\Users\pablo\AppData\Local\Programs\MiKTeX\tex/generic/pgf/utilities\pgfkeys.code.tex)) (C:\Users\pablo\AppData\Local\Programs\MiKTeX\tex/latex/pgf/math\pgfmath.sty (C:\Users\pablo\AppData\Local\Programs\MiKTeX\tex/generic/pgf/math\pgfmath.code.tex)) (C:\Users\pablo\AppData\Local\Programs\MiKTeX\tex/generic/pgf/utilities\pgffor.code.tex
Package: pgffor 2023-01-15 v3.1.10 (3.1.10)
\pgffor@iter=\dimen256
\pgffor@skip=\dimen257
\pgffor@stack=\toks40
\pgffor@toks=\toks41
)) (C:\Users\pablo\AppData\Local\Programs\MiKTeX\tex/generic/pgf/frontendlayer/tikz\tikz.code.tex
Package: tikz 2023-01-15 v3.1.10 (3.1.10)
 (C:\Users\pablo\AppData\Local\Programs\MiKTeX\tex/generic/pgf/libraries\pgflibraryplothandlers.code.tex
File: pgflibraryplothandlers.code.tex 2023-01-15 v3.1.10 (3.1.10)
\pgf@plot@mark@count=\count313
\pgfplotmarksize=\dimen258
)
\tikz@lastx=\dimen259
\tikz@lasty=\dimen260
\tikz@lastxsaved=\dimen261
\tikz@lastysaved=\dimen262
\tikz@lastmovetox=\dimen263
\tikz@lastmovetoy=\dimen264
\tikzleveldistance=\dimen265
\tikzsiblingdistance=\dimen266
\tikz@figbox=\box66
\tikz@figbox@bg=\box67
\tikz@tempbox=\box68
\tikz@tempbox@bg=\box69
\tikztreelevel=\count314
\tikznumberofchildren=\count315
\tikznumberofcurrentchild=\count316
\tikz@fig@count=\count317
 (C:\Users\pablo\AppData\Local\Programs\MiKTeX\tex/generic/pgf/modules\pgfmodulematrix.code.tex
File: pgfmodulematrix.code.tex 2023-01-15 v3.1.10 (3.1.10)
\pgfmatrixcurrentrow=\count318
\pgfmatrixcurrentcolumn=\count319
\pgf@matrix@numberofcolumns=\count320
)
\tikz@expandcount=\count321

(C:\Users\pablo\AppData\Local\Programs\MiKTeX\tex/generic/pgf/frontendlayer/tikz/libraries\tikzlibrarytopaths.code.tex
File: tikzlibrarytopaths.code.tex 2023-01-15 v3.1.10 (3.1.10)
))) (C:\Users\pablo\AppData\Local\Programs\MiKTeX\tex/generic/pgf/frontendlayer/tikz/libraries\tikzlibrarycalc.code.tex
File: tikzlibrarycalc.code.tex 2023-01-15 v3.1.10 (3.1.10)
) (C:\Users\pablo\AppData\Local\Programs\MiKTeX\tex/generic/pgf/libraries\pgflibraryarrows.meta.code.tex
File: pgflibraryarrows.meta.code.tex 2023-01-15 v3.1.10 (3.1.10)
\pgfarrowinset=\dimen267
\pgfarrowlength=\dimen268
\pgfarrowwidth=\dimen269
\pgfarrowlinewidth=\dimen270
) (C:\Users\pablo\AppData\Local\Programs\MiKTeX\tex/generic/pgf/frontendlayer/tikz/libraries\tikzlibrarybending.code.tex
File: tikzlibrarybending.code.tex 2023-01-15 v3.1.10 (3.1.10)
 (C:\Users\pablo\AppData\Local\Programs\MiKTeX\tex/generic/pgf/modules\pgfmodulebending.code.tex
File: pgfmodulebending.code.tex 2023-01-15 v3.1.10 (3.1.10)
 (C:\Users\pablo\AppData\Local\Programs\MiKTeX\tex/generic/pgf/modules\pgfmodulenonlineartransformations.code.tex
File: pgfmodulenonlineartransformations.code.tex 2023-01-15 v3.1.10 (3.1.10)
\pgftransformnonlinearflatness=\dimen271
) (C:\Users\pablo\AppData\Local\Programs\MiKTeX\tex/generic/pgf/libraries\pgflibrarycurvilinear.code.tex
File: pgflibrarycurvilinear.code.tex 2023-01-15 v3.1.10 (3.1.10)
\pgf@curvilinear@time@a=\dimen272
\pgf@curvilinear@length@a=\dimen273
\pgf@curvilinear@length@b=\dimen274
\pgf@curvilinear@length@c=\dimen275
\pgf@curvilinear@length@d=\dimen276
)
\pgf@arrows@the@rigidity=\dimen277
)) (C:\Users\pablo\AppData\Local\Programs\MiKTeX\tex/generic/pgf/frontendlayer/tikz/libraries\tikzlibraryfpu.code.tex (C:\Users\pablo\AppData\Local\Programs\MiKTeX\tex/generic/pgf/libraries\pgflibraryfpu.code.tex)) (C:\Users\pablo\AppData\Local\Programs\MiKTeX\tex/generic/circuitikz\pgfcirc.defines.tex
\pgf@circ@count@a=\count322
\pgf@circ@count@b=\count323
\pgf@circ@count@c=\count324
\pgf@circ@res@up=\dimen278
\pgf@circ@res@down=\dimen279
\pgf@circ@res@zero=\dimen280
\pgf@circ@res@left=\dimen281
\pgf@circ@res@right=\dimen282
\pgf@circ@res@other=\dimen283
\pgf@circ@res@step=\dimen284
\pgf@circ@res@temp=\dimen285
\pgf@circ@Rlen=\dimen286
\pgf@circ@scaled@Rlen=\dimen287
\pgfstartlinewidth=\dimen288
) (C:\Users\pablo\AppData\Local\Programs\MiKTeX\tex/generic/circuitikz\pgfcircutils.tex
\ctikz@scratchbox=\box70
) (C:\Users\pablo\AppData\Local\Programs\MiKTeX\tex/generic/circuitikz\pgfcircpath.tex) (C:\Users\pablo\AppData\Local\Programs\MiKTeX\tex/generic/circuitikz\pgfcircshapes.tex) (C:\Users\pablo\AppData\Local\Programs\MiKTeX\tex/generic/circuitikz\pgfcircmonopoles.tex) (C:\Users\pablo\AppData\Local\Programs\MiKTeX\tex/generic/circuitikz\pgfcircbipoles.tex) (C:\Users\pablo\AppData\Local\Programs\MiKTeX\tex/generic/circuitikz\pgfcirctripoles.tex
\pgf@circ@res@count=\count325
) (C:\Users\pablo\AppData\Local\Programs\MiKTeX\tex/generic/circuitikz\pgfcircquadpoles.tex) (C:\Users\pablo\AppData\Local\Programs\MiKTeX\tex/generic/circuitikz\pgfcircmultipoles.tex) (C:\Users\pablo\AppData\Local\Programs\MiKTeX\tex/generic/circuitikz\pgfcirclabel.tex) (C:\Users\pablo\AppData\Local\Programs\MiKTeX\tex/generic/circuitikz\pgfcircvoltage.tex
\pgfcirc@labelshift=\dimen289
) (C:\Users\pablo\AppData\Local\Programs\MiKTeX\tex/generic/circuitikz\pgfcirccurrent.tex) (C:\Users\pablo\AppData\Local\Programs\MiKTeX\tex/generic/circuitikz\pgfcircflow.tex)) (C:\Users\pablo\AppData\Local\Programs\MiKTeX\tex/latex/titling\titling.sty
Package: titling 2009/09/04 v2.1d maketitle typesetting
\thanksmarkwidth=\skip65
\thanksmargin=\skip66
\droptitle=\skip67
) (C:\Users\pablo\AppData\Local\Programs\MiKTeX\tex/latex/media9\media9.sty
Package: media9 2024/09/16 v1.29 acrobat-9/X compatible media
\g_mix_pkgresizeflag_int=\count326
 (C:\Users\pablo\AppData\Local\Programs\MiKTeX\tex/latex/media9\pdfbase.sty
Package: pdfbase 2024/09/16 v0.59 driver independent access to low-level PDF features
 (C:\Users\pablo\AppData\Local\Programs\MiKTeX\tex/latex/l3backend\l3backend-pdftex.def
File: l3backend-pdftex.def 2024-05-08 L3 backend support: PDF output (pdfTeX)
\l__color_backend_stack_int=\count327
\l__pdf_internal_box=\box71
)
\g_pbs_page_int=\count328
\g_pbs_oc_int=\count329
) (C:\Users\pablo\AppData\Local\Programs\MiKTeX\tex/latex/ocgx2\ocgbase.sty
Package: ocgbase 2024/09/15 v0.24 support package for ocgx2.sty
)
\l_mix_poster_box=\box72
\g_mix_wd_dim=\dimen290
\g_mix_ht_dim=\dimen291
\g_mix_dp_dim=\dimen292
\g_mix_rmcnt_int=\count330
\l_mix_viewcnt_int=\count331
\g@mix@page@int=\count332
\g_mix_resizeflag_int=\count333
\l_mix_lineno_int=\count334
\l_mix_pbtn_box=\box73
\g_mix_mbtncnt_int=\count335
\mix@btn@dim=\dimen293
) (C:\Users\pablo\AppData\Local\Programs\MiKTeX\tex/latex/lipsum\lipsum.sty (C:\Users\pablo\AppData\Local\Programs\MiKTeX\tex/latex/l3packages/l3keys2e\l3keys2e.sty (C:\Users\pablo\AppData\Local\Programs\MiKTeX\tex/latex/l3kernel\expl3.sty
Package: expl3 2024-10-09 L3 programming layer (loader) 
)
Package: l3keys2e 2024-08-16 LaTeX2e option processing using LaTeX3 keys
)
Package: lipsum 2021-09-20 v2.7 150 paragraphs of Lorem Ipsum dummy text
\g__lipsum_par_int=\count336
\l__lipsum_a_int=\count337
\l__lipsum_b_int=\count338
 (C:\Users\pablo\AppData\Local\Programs\MiKTeX\tex/latex/lipsum\lipsum.ltd.tex)) (C:\Users\pablo\AppData\Local\Programs\MiKTeX\tex/latex/tocbibind\tocbibind.sty
Package: tocbibind 2010/10/13 v1.5k extra ToC listings
Package tocbibind Info: The document has section divisions on input line 50.


Package tocbibind Note: Using section or other style headings.

) (C:\Users\pablo\AppData\Local\Programs\MiKTeX\tex/latex/listings\listings.sty
\lst@mode=\count339
\lst@gtempboxa=\box74
\lst@token=\toks42
\lst@length=\count340
\lst@currlwidth=\dimen294
\lst@column=\count341
\lst@pos=\count342
\lst@lostspace=\dimen295
\lst@width=\dimen296
\lst@newlines=\count343
\lst@lineno=\count344
\lst@maxwidth=\dimen297
 (C:\Users\pablo\AppData\Local\Programs\MiKTeX\tex/latex/listings\lstpatch.sty
File: lstpatch.sty 2024/09/23 1.10c (Carsten Heinz)
) (C:\Users\pablo\AppData\Local\Programs\MiKTeX\tex/latex/listings\lstmisc.sty
File: lstmisc.sty 2024/09/23 1.10c (Carsten Heinz)
\c@lstnumber=\count345
\lst@skipnumbers=\count346
\lst@framebox=\box75
) (C:\Users\pablo\AppData\Local\Programs\MiKTeX\tex/latex/listings\listings.cfg
File: listings.cfg 2024/09/23 1.10c listings configuration
))
Package: listings 2024/09/23 1.10c (Carsten Heinz)
 (C:\Users\pablo\AppData\Local\Programs\MiKTeX\tex/latex/tools\tabularx.sty
Package: tabularx 2023/12/11 v2.12a `tabularx' package (DPC)
 (C:\Users\pablo\AppData\Local\Programs\MiKTeX\tex/latex/tools\array.sty
Package: array 2024/10/17 v2.6g Tabular extension package (FMi)
\col@sep=\dimen298
\ar@mcellbox=\box76
\extrarowheight=\dimen299
\NC@list=\toks43
\extratabsurround=\skip68
\backup@length=\skip69
\ar@cellbox=\box77
)
\TX@col@width=\dimen300
\TX@old@table=\dimen301
\TX@old@col=\dimen302
\TX@target=\dimen303
\TX@delta=\dimen304
\TX@cols=\count347
\TX@ftn=\toks44
) (C:\Users\pablo\AppData\Local\Programs\MiKTeX\tex/latex/tcolorbox\tcolorbox.sty
Package: tcolorbox 2024/01/10 version 6.2.0 text color boxes
 (C:\Users\pablo\AppData\Local\Programs\MiKTeX\tex/latex/tools\verbatim.sty
Package: verbatim 2024-01-22 v1.5x LaTeX2e package for verbatim enhancements
\every@verbatim=\toks45
\verbatim@line=\toks46
\verbatim@in@stream=\read4
) (C:\Users\pablo\AppData\Local\Programs\MiKTeX\tex/latex/environ\environ.sty
Package: environ 2014/05/04 v0.3 A new way to define environments
 (C:\Users\pablo\AppData\Local\Programs\MiKTeX\tex/latex/trimspaces\trimspaces.sty
Package: trimspaces 2009/09/17 v1.1 Trim spaces around a token list
))
\tcb@titlebox=\box78
\tcb@upperbox=\box79
\tcb@lowerbox=\box80
\tcb@phantombox=\box81
\c@tcbbreakpart=\count348
\c@tcblayer=\count349
\c@tcolorbox@number=\count350
\l__tcobox_tmpa_box=\box82
\l__tcobox_tmpa_dim=\dimen305
\tcb@temp=\box83
\tcb@temp=\box84
\tcb@temp=\box85
\tcb@temp=\box86
) (C:\Users\pablo\AppData\Local\Programs\MiKTeX\tex/latex/bookmark\bookmark.sty
Package: bookmark 2023-12-10 v1.31 PDF bookmarks (HO)
 (C:\Users\pablo\AppData\Local\Programs\MiKTeX\tex/latex/bookmark\bkm-pdftex.def
File: bkm-pdftex.def 2023-12-10 v1.31 bookmark driver for pdfTeX and luaTeX (HO)
\BKM@id=\count351
)) (C:\Users\pablo\AppData\Local\Programs\MiKTeX\tex/latex/colortbl\colortbl.sty
Package: colortbl 2024/07/06 v1.0i Color table columns (DPC)
\everycr=\toks47
\minrowclearance=\skip70
\rownum=\count352
) (C:\Users\pablo\AppData\Local\Programs\MiKTeX\tex/latex/listings\lstlang1.sty
File: lstlang1.sty 2024/09/23 1.10c listings language file
) (C:\Users\pablo\AppData\Local\Programs\MiKTeX\tex/latex/geometry\geometry.sty
Package: geometry 2020/01/02 v5.9 Page Geometry
 (C:\Users\pablo\AppData\Local\Programs\MiKTeX\tex/generic/iftex\ifvtex.sty
Package: ifvtex 2019/10/25 v1.7 ifvtex legacy package. Use iftex instead.
)
\Gm@cnth=\count353
\Gm@cntv=\count354
\c@Gm@tempcnt=\count355
\Gm@bindingoffset=\dimen306
\Gm@wd@mp=\dimen307
\Gm@odd@mp=\dimen308
\Gm@even@mp=\dimen309
\Gm@layoutwidth=\dimen310
\Gm@layoutheight=\dimen311
\Gm@layouthoffset=\dimen312
\Gm@layoutvoffset=\dimen313
\Gm@dimlist=\toks48
 (C:\Users\pablo\AppData\Local\Programs\MiKTeX\tex/latex/geometry\geometry.cfg)) (Informe Ruíz Lydia Tuñón Pablo.pdf.aux
LaTeX Info: Redefining \. on input line 15.
LaTeX Info: Redefining \% on input line 15.
)
\openout1 = `"Informe Ruíz Lydia Tuñón Pablo.pdf.aux"'.

LaTeX Font Info:    Checking defaults for OML/cmm/m/it on input line 102.
LaTeX Font Info:    ... okay on input line 102.
LaTeX Font Info:    Checking defaults for OMS/cmsy/m/n on input line 102.
LaTeX Font Info:    ... okay on input line 102.
LaTeX Font Info:    Checking defaults for OT1/cmr/m/n on input line 102.
LaTeX Font Info:    ... okay on input line 102.
LaTeX Font Info:    Checking defaults for T1/cmr/m/n on input line 102.
LaTeX Font Info:    ... okay on input line 102.
LaTeX Font Info:    Checking defaults for TS1/cmr/m/n on input line 102.
LaTeX Font Info:    ... okay on input line 102.
LaTeX Font Info:    Checking defaults for OMX/cmex/m/n on input line 102.
LaTeX Font Info:    ... okay on input line 102.
LaTeX Font Info:    Checking defaults for U/cmr/m/n on input line 102.
LaTeX Font Info:    ... okay on input line 102.
LaTeX Font Info:    Checking defaults for PD1/pdf/m/n on input line 102.
LaTeX Font Info:    ... okay on input line 102.
LaTeX Font Info:    Checking defaults for PU/pdf/m/n on input line 102.
LaTeX Font Info:    ... okay on input line 102.
LaTeX Info: Redefining \. on input line 102.
LaTeX Info: Redefining \% on input line 102.
 (C:\Users\pablo\AppData\Local\Programs\MiKTeX\tex/context/base/mkii\supp-pdf.mkii
[Loading MPS to PDF converter (version 2006.09.02).]
\scratchcounter=\count356
\scratchdimen=\dimen314
\scratchbox=\box87
\nofMPsegments=\count357
\nofMParguments=\count358
\everyMPshowfont=\toks49
\MPscratchCnt=\count359
\MPscratchDim=\dimen315
\MPnumerator=\count360
\makeMPintoPDFobject=\count361
\everyMPtoPDFconversion=\toks50
) (C:\Users\pablo\AppData\Local\Programs\MiKTeX\tex/latex/epstopdf-pkg\epstopdf-base.sty
Package: epstopdf-base 2020-01-24 v2.11 Base part for package epstopdf
Package epstopdf-base Info: Redefining graphics rule for `.eps' on input line 485.
 (C:\Users\pablo\AppData\Local\Programs\MiKTeX\tex/latex/00miktex\epstopdf-sys.cfg
File: epstopdf-sys.cfg 2021/03/18 v2.0 Configuration of epstopdf for MiKTeX
))
Package hyperref Info: Link coloring OFF on input line 102.
\c@lstlisting=\count362

*geometry* driver: auto-detecting
*geometry* detected driver: pdftex
*geometry* verbose mode - [ preamble ] result:
* driver: pdftex
* paper: a4paper
* layout: <same size as paper>
* layoutoffset:(h,v)=(0.0pt,0.0pt)
* modes: 
* h-part:(L,W,R)=(85.35826pt, 426.79135pt, 85.35826pt)
* v-part:(T,H,B)=(85.35826pt, 645.87756pt, 113.81102pt)
* \paperwidth=597.50787pt
* \paperheight=845.04684pt
* \textwidth=426.79135pt
* \textheight=645.87756pt
* \oddsidemargin=13.08827pt
* \evensidemargin=13.08827pt
* \topmargin=-23.91173pt
* \headheight=50.0pt
* \headsep=25.0pt
* \topskip=12.0pt
* \footskip=30.0pt
* \marginparwidth=35.0pt
* \marginparsep=10.0pt
* \columnsep=10.0pt
* \skip\footins=10.8pt plus 4.0pt minus 2.0pt
* \hoffset=0.0pt
* \voffset=0.0pt
* \mag=1000
* \@twocolumnfalse
* \@twosidefalse
* \@mparswitchfalse
* \@reversemarginfalse
* (1in=72.27pt=25.4mm, 1cm=28.453pt)

*geometry* verbose mode - [ newgeometry ] result:
* driver: pdftex
* paper: a4paper
* layout: <same size as paper>
* layoutoffset:(h,v)=(0.0pt,0.0pt)
* modes: 
* h-part:(L,W,R)=(17.07182pt, 490.80896pt, 89.62709pt)
* v-part:(T,H,B)=(36.98866pt, 773.91496pt, 34.14322pt)
* \paperwidth=597.50787pt
* \paperheight=845.04684pt
* \textwidth=490.80896pt
* \textheight=773.91496pt
* \oddsidemargin=-55.19817pt
* \evensidemargin=-55.19817pt
* \topmargin=-110.28133pt
* \headheight=50.0pt
* \headsep=25.0pt
* \topskip=12.0pt
* \footskip=30.0pt
* \marginparwidth=35.0pt
* \marginparsep=10.0pt
* \columnsep=10.0pt
* \skip\footins=10.8pt plus 4.0pt minus 2.0pt
* \hoffset=0.0pt
* \voffset=0.0pt
* \mag=1000
* \@twocolumnfalse
* \@twosidefalse
* \@mparswitchfalse
* \@reversemarginfalse
* (1in=72.27pt=25.4mm, 1cm=28.453pt)

LaTeX Font Info:    Trying to load font information for OT1+ptm on input line 138.
(C:\Users\pablo\AppData\Local\Programs\MiKTeX\tex/latex/psnfss\ot1ptm.fd
File: ot1ptm.fd 2001/06/04 font definitions for OT1/ptm.
)
<data/Logo ICAI.png, id=6, 94.10156pt x 35.75859pt>
File: data/Logo ICAI.png Graphic file (type png)
<use data/Logo ICAI.png>
Package pdftex.def Info: data/Logo ICAI.png  used on input line 138.
(pdftex.def)             Requested size: 284.52756pt x 108.12886pt.
LaTeX Font Info:    Trying to load font information for U+rsfs on input line 138.
 (C:\Users\pablo\AppData\Local\Programs\MiKTeX\tex/latex/jknappen\ursfs.fd
File: ursfs.fd 1998/03/24 rsfs font definition file (jk)
)
LaTeX Font Info:    Trying to load font information for U+msa on input line 138.
 (C:\Users\pablo\AppData\Local\Programs\MiKTeX\tex/latex/amsfonts\umsa.fd
File: umsa.fd 2013/01/14 v3.01 AMS symbols A
)
LaTeX Font Info:    Trying to load font information for U+msb on input line 138.
 (C:\Users\pablo\AppData\Local\Programs\MiKTeX\tex/latex/amsfonts\umsb.fd
File: umsb.fd 2013/01/14 v3.01 AMS symbols B
)
Overfull \hbox (59.99182pt too wide) in paragraph at lines 138--139
[][] 
 []



[1


{C:/Users/pablo/AppData/Local/MiKTeX/fonts/map/pdftex/pdftex.map}{C:/Users/pablo/AppData/Local/Programs/MiKTeX/fonts/enc/dvips/base/8r.enc} <./data/Logo ICAI.png>] (Informe Ruíz Lydia Tuñón Pablo.pdf.toc
LaTeX Info: Redefining \. on input line 1.
LaTeX Info: Redefining \% on input line 1.
)
\tf@toc=\write4
\openout4 = `"Informe Ruíz Lydia Tuñón Pablo.pdf.toc"'.




pdfTeX warning (ext4): destination with the same identifier (name{page.1}) has been already used, duplicate ignored
<to be read again> 
                   \relax 
l.174 \newpage
               [1

]

[2]
<data/processed_data/partA/imageio_blue_tennis_court.jpg, id=49, 582.175pt x 291.0875pt>
File: data/processed_data/partA/imageio_blue_tennis_court.jpg Graphic file (type jpg)
<use data/processed_data/partA/imageio_blue_tennis_court.jpg>
Package pdftex.def Info: data/processed_data/partA/imageio_blue_tennis_court.jpg  used on input line 224.
(pdftex.def)             Requested size: 192.0548pt x 96.02364pt.
<data/processed_data/partA/opencv_blue_tennis_court.jpg, id=50, 582.175pt x 291.0875pt>
File: data/processed_data/partA/opencv_blue_tennis_court.jpg Graphic file (type jpg)
<use data/processed_data/partA/opencv_blue_tennis_court.jpg>
Package pdftex.def Info: data/processed_data/partA/opencv_blue_tennis_court.jpg  used on input line 231.
(pdftex.def)             Requested size: 192.0548pt x 96.02364pt.


[3
pdfTeX warning (ext4): destination with the same identifier (name{figure.1}) has been already used, duplicate ignored
<argument> ...shipout:D \box_use:N \l_shipout_box 
                                                  \__shipout_drop_firstpage_...
l.244 \newpage
              
pdfTeX warning (ext4): destination with the same identifier (name{figure.2}) has been already used, duplicate ignored
<argument> ...shipout:D \box_use:N \l_shipout_box 
                                                  \__shipout_drop_firstpage_...
l.244 \newpage
               <./data/processed_data/partA/imageio_blue_tennis_court.jpg> <./data/processed_data/partA/opencv_blue_tennis_court.jpg>]

[4]
<data/processed_data/partA/harris_geometry.jpg, id=71, 225.84375pt x 225.84375pt>
File: data/processed_data/partA/harris_geometry.jpg Graphic file (type jpg)
<use data/processed_data/partA/harris_geometry.jpg>
Package pdftex.def Info: data/processed_data/partA/harris_geometry.jpg  used on input line 310.
(pdftex.def)             Requested size: 149.37958pt x 149.38815pt.
<data/processed_data/partA/harris_football.jpg, id=72, 628.3475pt x 487.8225pt>
File: data/processed_data/partA/harris_football.jpg Graphic file (type jpg)
<use data/processed_data/partA/harris_football.jpg>
Package pdftex.def Info: data/processed_data/partA/harris_football.jpg  used on input line 317.
(pdftex.def)             Requested size: 192.0548pt x 149.10199pt.
<data/processed_data/partA/harris_sudoku.jpg, id=73, 670.505pt x 653.44125pt>
File: data/processed_data/partA/harris_sudoku.jpg Graphic file (type jpg)
<use data/processed_data/partA/harris_sudoku.jpg>
Package pdftex.def Info: data/processed_data/partA/harris_sudoku.jpg  used on input line 330.
(pdftex.def)             Requested size: 170.71393pt x 166.36108pt.
<data/processed_data/partA/harris_tennis.jpg, id=74, 582.175pt x 291.0875pt>
File: data/processed_data/partA/harris_tennis.jpg Graphic file (type jpg)
<use data/processed_data/partA/harris_tennis.jpg>
Package pdftex.def Info: data/processed_data/partA/harris_tennis.jpg  used on input line 337.
(pdftex.def)             Requested size: 192.0548pt x 96.02364pt.


[5
pdfTeX warning (ext4): destination with the same identifier (name{figure.3}) has been already used, duplicate ignored
<argument> ...shipout:D \box_use:N \l_shipout_box 
                                                  \__shipout_drop_firstpage_...
l.344 \newpage
              
pdfTeX warning (ext4): destination with the same identifier (name{figure.4}) has been already used, duplicate ignored
<argument> ...shipout:D \box_use:N \l_shipout_box 
                                                  \__shipout_drop_firstpage_...
l.344 \newpage
              
pdfTeX warning (ext4): destination with the same identifier (name{figure.5}) has been already used, duplicate ignored
<argument> ...shipout:D \box_use:N \l_shipout_box 
                                                  \__shipout_drop_firstpage_...
l.344 \newpage
              
pdfTeX warning (ext4): destination with the same identifier (name{figure.6}) has been already used, duplicate ignored
<argument> ...shipout:D \box_use:N \l_shipout_box 
                                                  \__shipout_drop_firstpage_...
l.344 \newpage
               <./data/processed_data/partA/harris_geometry.jpg> <./data/processed_data/partA/harris_football.jpg> <./data/processed_data/partA/harris_sudoku.jpg> <./data/processed_data/partA/harris_tennis.jpg>]
<data/processed_data/partA/shi_tomasi_geometry.jpg, id=84, 225.84375pt x 225.84375pt>
File: data/processed_data/partA/shi_tomasi_geometry.jpg Graphic file (type jpg)
<use data/processed_data/partA/shi_tomasi_geometry.jpg>
Package pdftex.def Info: data/processed_data/partA/shi_tomasi_geometry.jpg  used on input line 372.
(pdftex.def)             Requested size: 149.37958pt x 149.38815pt.
<data/processed_data/partA/shi_tomasi_football.jpg, id=85, 628.3475pt x 487.8225pt>
File: data/processed_data/partA/shi_tomasi_football.jpg Graphic file (type jpg)
<use data/processed_data/partA/shi_tomasi_football.jpg>
Package pdftex.def Info: data/processed_data/partA/shi_tomasi_football.jpg  used on input line 379.
(pdftex.def)             Requested size: 192.0548pt x 149.10199pt.


[6
pdfTeX warning (ext4): destination with the same identifier (name{figure.7}) has been already used, duplicate ignored
<argument> ...shipout:D \box_use:N \l_shipout_box 
                                                  \__shipout_drop_firstpage_...
l.386 \newpage
              
pdfTeX warning (ext4): destination with the same identifier (name{figure.8}) has been already used, duplicate ignored
<argument> ...shipout:D \box_use:N \l_shipout_box 
                                                  \__shipout_drop_firstpage_...
l.386 \newpage
               <./data/processed_data/partA/shi_tomasi_geometry.jpg> <./data/processed_data/partA/shi_tomasi_football.jpg>]
<data/processed_data/partA/shi_tomasi_sudoku.jpg, id=94, 670.505pt x 653.44125pt>
File: data/processed_data/partA/shi_tomasi_sudoku.jpg Graphic file (type jpg)
<use data/processed_data/partA/shi_tomasi_sudoku.jpg>
Package pdftex.def Info: data/processed_data/partA/shi_tomasi_sudoku.jpg  used on input line 392.
(pdftex.def)             Requested size: 149.37958pt x 145.57217pt.
<data/processed_data/partA/shi_tomasi_tennis.jpg, id=95, 582.175pt x 291.0875pt>
File: data/processed_data/partA/shi_tomasi_tennis.jpg Graphic file (type jpg)
<use data/processed_data/partA/shi_tomasi_tennis.jpg>
Package pdftex.def Info: data/processed_data/partA/shi_tomasi_tennis.jpg  used on input line 399.
(pdftex.def)             Requested size: 192.0548pt x 96.02364pt.


[7
pdfTeX warning (ext4): destination with the same identifier (name{figure.9}) has been already used, duplicate ignored
<argument> ...shipout:D \box_use:N \l_shipout_box 
                                                  \__shipout_drop_firstpage_...
l.406 \newpage
              
pdfTeX warning (ext4): destination with the same identifier (name{figure.10}) has been already used, duplicate ignored
<argument> ...shipout:D \box_use:N \l_shipout_box 
                                                  \__shipout_drop_firstpage_...
l.406 \newpage
               <./data/processed_data/partA/shi_tomasi_sudoku.jpg> <./data/processed_data/partA/shi_tomasi_tennis.jpg>]

[8]
<data/processed_data/partB/canny_football.jpg, id=110, 628.3475pt x 487.8225pt>
File: data/processed_data/partB/canny_football.jpg Graphic file (type jpg)
<use data/processed_data/partB/canny_football.jpg>
Package pdftex.def Info: data/processed_data/partB/canny_football.jpg  used on input line 468.
(pdftex.def)             Requested size: 149.37958pt x 115.97069pt.

Underfull \hbox (badness 5064) in paragraph at lines 469--469
[]\OT1/cmr/m/n/12 Figura 11: []Extracci^^Son de
 []

<data/processed_data/partB/canny_sudoku.jpg, id=111, 670.505pt x 653.44125pt>
File: data/processed_data/partB/canny_sudoku.jpg Graphic file (type jpg)
<use data/processed_data/partB/canny_sudoku.jpg>
Package pdftex.def Info: data/processed_data/partB/canny_sudoku.jpg  used on input line 475.
(pdftex.def)             Requested size: 192.0548pt x 187.15996pt.


[9
pdfTeX warning (ext4): destination with the same identifier (name{figure.11}) has been already used, duplicate ignored
<argument> ...shipout:D \box_use:N \l_shipout_box 
                                                  \__shipout_drop_firstpage_...
l.497 \newpage
              
pdfTeX warning (ext4): destination with the same identifier (name{figure.12}) has been already used, duplicate ignored
<argument> ...shipout:D \box_use:N \l_shipout_box 
                                                  \__shipout_drop_firstpage_...
l.497 \newpage
               <./data/processed_data/partB/canny_football.jpg> <./data/processed_data/partB/canny_sudoku.jpg>]
<data/processed_data/partB/hough_geometry.jpg, id=119, 225.84375pt x 225.84375pt>
File: data/processed_data/partB/hough_geometry.jpg Graphic file (type jpg)
<use data/processed_data/partB/hough_geometry.jpg>
Package pdftex.def Info: data/processed_data/partB/hough_geometry.jpg  used on input line 503.
(pdftex.def)             Requested size: 149.37958pt x 149.38815pt.

Underfull \hbox (badness 5064) in paragraph at lines 504--504
[]\OT1/cmr/m/n/12 Figura 13: []Extracci^^Son de
 []

<data/processed_data/partB/hough_football.jpg, id=120, 628.3475pt x 487.8225pt>
File: data/processed_data/partB/hough_football.jpg Graphic file (type jpg)
<use data/processed_data/partB/hough_football.jpg>
Package pdftex.def Info: data/processed_data/partB/hough_football.jpg  used on input line 510.
(pdftex.def)             Requested size: 192.0548pt x 149.10199pt.
<data/processed_data/partB/hough_sudoku.jpg, id=121, 670.505pt x 653.44125pt>
File: data/processed_data/partB/hough_sudoku.jpg Graphic file (type jpg)
<use data/processed_data/partB/hough_sudoku.jpg>
Package pdftex.def Info: data/processed_data/partB/hough_sudoku.jpg  used on input line 522.
(pdftex.def)             Requested size: 128.0387pt x 124.7733pt.
<data/processed_data/partB/hough_tennis.jpg, id=122, 582.175pt x 291.0875pt>
File: data/processed_data/partB/hough_tennis.jpg Graphic file (type jpg)
<use data/processed_data/partB/hough_tennis.jpg>
Package pdftex.def Info: data/processed_data/partB/hough_tennis.jpg  used on input line 529.
(pdftex.def)             Requested size: 213.39568pt x 106.69687pt.


[10
pdfTeX warning (ext4): destination with the same identifier (name{figure.13}) has been already used, duplicate ignored
<argument> ...shipout:D \box_use:N \l_shipout_box 
                                                  \__shipout_drop_firstpage_...
l.536 \newpage
              
pdfTeX warning (ext4): destination with the same identifier (name{figure.14}) has been already used, duplicate ignored
<argument> ...shipout:D \box_use:N \l_shipout_box 
                                                  \__shipout_drop_firstpage_...
l.536 \newpage
              
pdfTeX warning (ext4): destination with the same identifier (name{figure.15}) has been already used, duplicate ignored
<argument> ...shipout:D \box_use:N \l_shipout_box 
                                                  \__shipout_drop_firstpage_...
l.536 \newpage
              
pdfTeX warning (ext4): destination with the same identifier (name{figure.16}) has been already used, duplicate ignored
<argument> ...shipout:D \box_use:N \l_shipout_box 
                                                  \__shipout_drop_firstpage_...
l.536 \newpage
               <./data/processed_data/partB/hough_geometry.jpg> <./data/processed_data/partB/hough_football.jpg> <./data/processed_data/partB/hough_sudoku.jpg> <./data/processed_data/partB/hough_tennis.jpg>]

[11]

[12]
<data/processed_data/partC/matches.jpg, id=144, 451.6875pt x 225.84375pt>
File: data/processed_data/partC/matches.jpg Graphic file (type jpg)
<use data/processed_data/partC/matches.jpg>
Package pdftex.def Info: data/processed_data/partC/matches.jpg  used on input line 618.
(pdftex.def)             Requested size: 170.71393pt x 85.35628pt.
<data/processed_data/partC/matches_opencv.jpg, id=145, 451.6875pt x 225.84375pt>
File: data/processed_data/partC/matches_opencv.jpg Graphic file (type jpg)
<use data/processed_data/partC/matches_opencv.jpg>
Package pdftex.def Info: data/processed_data/partC/matches_opencv.jpg  used on input line 625.
(pdftex.def)             Requested size: 170.71393pt x 85.35628pt.


[13
pdfTeX warning (ext4): destination with the same identifier (name{figure.17}) has been already used, duplicate ignored
<argument> ...shipout:D \box_use:N \l_shipout_box 
                                                  \__shipout_drop_firstpage_...
l.649 
      
pdfTeX warning (ext4): destination with the same identifier (name{figure.18}) has been already used, duplicate ignored
<argument> ...shipout:D \box_use:N \l_shipout_box 
                                                  \__shipout_drop_firstpage_...
l.649 
       <./data/processed_data/partC/matches.jpg> <./data/processed_data/partC/matches_opencv.jpg>]
Underfull \hbox (badness 1565) in paragraph at lines 663--664
[]\OT1/cmr/m/n/12 Creaci^^Son del ex-trac-tor de des-crip-to-res ya sea con $\OML/cmm/m/it/12 SIFT[]reate$ \OT1/cmr/m/n/12 o con
 []


Underfull \hbox (badness 10000) in paragraph at lines 666--667
[]\OT1/cmr/m/n/12 Guardado del vo-ca-bu-la-rio en un fi-che-ro
 []



[14]

[15]

[16] (Informe Ruíz Lydia Tuñón Pablo.pdf.aux
LaTeX Info: Redefining \. on input line 15.
LaTeX Info: Redefining \% on input line 15.
)
 ***********
LaTeX2e <2024-11-01>
L3 programming layer <2024-10-09>
 ***********
 )
(\end occurred inside a group at level 1)

### simple group (level 1) entered at line 146 ({)
### bottom level 
Here is how much of TeX's memory you used:
 46064 strings out of 473701
 1079455 string characters out of 5719417
 1953564 words of memory out of 5000000
 68539 multiletter control sequences out of 15000+600000
 576114 words of font info for 78 fonts, out of 8000000 for 9000
 1141 hyphenation exceptions out of 8191
 99i,12n,107p,793b,706s stack positions out of 10000i,1000n,20000p,200000b,200000s
 <C:\Users\pablo\AppData\Local\MiKTeX\fonts/pk/ljfour/jknappen/ec/dpi600\tcrm1200.pk><C:/Users/pablo/AppData/Local/Programs/MiKTeX/fonts/type1/public/amsfonts/cm/cmbx12.pfb><C:/Users/pablo/AppData/Local/Programs/MiKTeX/fonts/type1/public/amsfonts/cm/cmex10.pfb><C:/Users/pablo/AppData/Local/Programs/MiKTeX/fonts/type1/public/amsfonts/cm/cmmi12.pfb><C:/Users/pablo/AppData/Local/Programs/MiKTeX/fonts/type1/public/amsfonts/cm/cmmi8.pfb><C:/Users/pablo/AppData/Local/Programs/MiKTeX/fonts/type1/public/amsfonts/cm/cmr10.pfb><C:/Users/pablo/AppData/Local/Programs/MiKTeX/fonts/type1/public/amsfonts/cm/cmr12.pfb><C:/Users/pablo/AppData/Local/Programs/MiKTeX/fonts/type1/public/amsfonts/cm/cmr8.pfb><C:/Users/pablo/AppData/Local/Programs/MiKTeX/fonts/type1/public/amsfonts/cm/cmsy10.pfb><C:/Users/pablo/AppData/Local/Programs/MiKTeX/fonts/type1/public/amsfonts/cm/cmsy8.pfb><C:/Users/pablo/AppData/Local/Programs/MiKTeX/fonts/type1/public/amsfonts/cm/cmti12.pfb><C:/Users/pablo/AppData/Local/Programs/MiKTeX/fonts/type1/urw/times/utmb8a.pfb><C:/Users/pablo/AppData/Local/Programs/MiKTeX/fonts/type1/urw/times/utmr8a.pfb>
Output written on "Informe Ruíz Lydia Tuñón Pablo.pdf.pdf" (17 pages, 1210684 bytes).
PDF statistics:
 266 PDF objects out of 1000 (max. 8388607)
 50 named destinations out of 1000 (max. 500000)
 186 words of extra memory for PDF output out of 10000 (max. 10000000)

